12-Mar-2023 17:41:09.799 INFO [main] org.apache.catalina.startup.VersionLoggerListener.log Server version name:   Apache Tomcat/9.0.73
12-Mar-2023 17:41:09.802 INFO [main] org.apache.catalina.startup.VersionLoggerListener.log Server built:          Feb 27 2023 15:33:40 UTC
12-Mar-2023 17:41:09.803 INFO [main] org.apache.catalina.startup.VersionLoggerListener.log Server version number: 9.0.73.0
12-Mar-2023 17:41:09.803 INFO [main] org.apache.catalina.startup.VersionLoggerListener.log OS Name:               Windows 11
12-Mar-2023 17:41:09.803 INFO [main] org.apache.catalina.startup.VersionLoggerListener.log OS Version:            10.0
12-Mar-2023 17:41:09.803 INFO [main] org.apache.catalina.startup.VersionLoggerListener.log Architecture:          amd64
12-Mar-2023 17:41:09.803 INFO [main] org.apache.catalina.startup.VersionLoggerListener.log Java Home:             C:\Program Files\Java\jdk1.8.0_361\jre
12-Mar-2023 17:41:09.803 INFO [main] org.apache.catalina.startup.VersionLoggerListener.log JVM Version:           1.8.0_361-b09
12-Mar-2023 17:41:09.804 INFO [main] org.apache.catalina.startup.VersionLoggerListener.log JVM Vendor:            Oracle Corporation
12-Mar-2023 17:41:09.804 INFO [main] org.apache.catalina.startup.VersionLoggerListener.log CATALINA_BASE:         C:\Users\ABDULLA\Desktop\KLR_Project\Tomcat
12-Mar-2023 17:41:09.804 INFO [main] org.apache.catalina.startup.VersionLoggerListener.log CATALINA_HOME:         C:\Users\ABDULLA\Desktop\KLR_Project\Tomcat
12-Mar-2023 17:41:09.804 INFO [main] org.apache.catalina.startup.VersionLoggerListener.log Command line argument: -Djava.util.logging.config.file=C:\Users\ABDULLA\Desktop\KLR_Project\Tomcat\conf\logging.properties
12-Mar-2023 17:41:09.804 INFO [main] org.apache.catalina.startup.VersionLoggerListener.log Command line argument: -Djava.util.logging.manager=org.apache.juli.ClassLoaderLogManager
12-Mar-2023 17:41:09.805 INFO [main] org.apache.catalina.startup.VersionLoggerListener.log Command line argument: -Djdk.tls.ephemeralDHKeySize=2048
12-Mar-2023 17:41:09.805 INFO [main] org.apache.catalina.startup.VersionLoggerListener.log Command line argument: -Djava.protocol.handler.pkgs=org.apache.catalina.webresources
12-Mar-2023 17:41:09.805 INFO [main] org.apache.catalina.startup.VersionLoggerListener.log Command line argument: -Dignore.endorsed.dirs=
12-Mar-2023 17:41:09.805 INFO [main] org.apache.catalina.startup.VersionLoggerListener.log Command line argument: -Dcatalina.base=C:\Users\ABDULLA\Desktop\KLR_Project\Tomcat
12-Mar-2023 17:41:09.806 INFO [main] org.apache.catalina.startup.VersionLoggerListener.log Command line argument: -Dcatalina.home=C:\Users\ABDULLA\Desktop\KLR_Project\Tomcat
12-Mar-2023 17:41:09.807 INFO [main] org.apache.catalina.startup.VersionLoggerListener.log Command line argument: -Djava.io.tmpdir=C:\Users\ABDULLA\Desktop\KLR_Project\Tomcat\temp
12-Mar-2023 17:41:09.811 INFO [main] org.apache.catalina.core.AprLifecycleListener.lifecycleEvent Loaded Apache Tomcat Native library [1.2.36] using APR version [1.7.2].
12-Mar-2023 17:41:09.811 INFO [main] org.apache.catalina.core.AprLifecycleListener.lifecycleEvent APR capabilities: IPv6 [true], sendfile [true], accept filters [false], random [true], UDS [true].
12-Mar-2023 17:41:09.812 INFO [main] org.apache.catalina.core.AprLifecycleListener.lifecycleEvent APR/OpenSSL configuration: useAprConnector [false], useOpenSSL [true]
12-Mar-2023 17:41:09.816 INFO [main] org.apache.catalina.core.AprLifecycleListener.initializeSSL OpenSSL successfully initialized [OpenSSL 1.1.1t  7 Feb 2023]
12-Mar-2023 17:41:10.119 INFO [main] org.apache.coyote.AbstractProtocol.init Initializing ProtocolHandler ["http-nio-8080"]
12-Mar-2023 17:41:10.143 INFO [main] org.apache.catalina.startup.Catalina.load Server initialization in [485] milliseconds
12-Mar-2023 17:41:10.168 INFO [main] org.apache.catalina.core.StandardService.startInternal Starting service [Catalina]
12-Mar-2023 17:41:10.169 INFO [main] org.apache.catalina.core.StandardEngine.startInternal Starting Servlet engine: [Apache Tomcat/9.0.73]
12-Mar-2023 17:41:10.189 INFO [main] org.apache.catalina.startup.HostConfig.deployWAR Deploying web application archive [C:\Users\ABDULLA\Desktop\KLR_Project\Tomcat\webapps\HRDashBoard.war]
12-Mar-2023 17:41:12.798 INFO [main] org.apache.jasper.servlet.TldScanner.scanJars At least one JAR was scanned for TLDs yet contained no TLDs. Enable debug logging for this logger for a complete list of JARs that were scanned but no TLDs were found in them. Skipping unneeded JARs during scanning can improve startup time and JSP compilation time.
12-Mar-2023 17:41:13.019 WARNING [main] org.apache.catalina.util.SessionIdGeneratorBase.createSecureRandom Creation of SecureRandom instance for session ID generation using [SHA1PRNG] took [105] milliseconds.
12-Mar-2023 17:41:13.029 INFO [main] org.springframework.web.servlet.FrameworkServlet.initServletBean Initializing Servlet 'dispatcher'
12-Mar-2023 17:41:14.073 INFO [main] org.springframework.web.servlet.FrameworkServlet.initServletBean Completed initialization in 1043 ms
12-Mar-2023 17:41:14.088 INFO [main] org.apache.catalina.startup.HostConfig.deployWAR Deployment of web application archive [C:\Users\ABDULLA\Desktop\KLR_Project\Tomcat\webapps\HRDashBoard.war] has finished in [3,900] ms
12-Mar-2023 17:41:14.089 INFO [main] org.apache.catalina.startup.HostConfig.deployDirectory Deploying web application directory [C:\Users\ABDULLA\Desktop\KLR_Project\Tomcat\webapps\docs]
12-Mar-2023 17:41:14.117 INFO [main] org.apache.catalina.startup.HostConfig.deployDirectory Deployment of web application directory [C:\Users\ABDULLA\Desktop\KLR_Project\Tomcat\webapps\docs] has finished in [27] ms
12-Mar-2023 17:41:14.117 INFO [main] org.apache.catalina.startup.HostConfig.deployDirectory Deploying web application directory [C:\Users\ABDULLA\Desktop\KLR_Project\Tomcat\webapps\examples]
12-Mar-2023 17:41:14.323 INFO [main] org.apache.catalina.startup.HostConfig.deployDirectory Deployment of web application directory [C:\Users\ABDULLA\Desktop\KLR_Project\Tomcat\webapps\examples] has finished in [206] ms
12-Mar-2023 17:41:14.324 INFO [main] org.apache.catalina.startup.HostConfig.deployDirectory Deploying web application directory [C:\Users\ABDULLA\Desktop\KLR_Project\Tomcat\webapps\host-manager]
12-Mar-2023 17:41:14.357 INFO [main] org.apache.catalina.startup.HostConfig.deployDirectory Deployment of web application directory [C:\Users\ABDULLA\Desktop\KLR_Project\Tomcat\webapps\host-manager] has finished in [32] ms
12-Mar-2023 17:41:14.357 INFO [main] org.apache.catalina.startup.HostConfig.deployDirectory Deploying web application directory [C:\Users\ABDULLA\Desktop\KLR_Project\Tomcat\webapps\manager]
12-Mar-2023 17:41:14.380 INFO [main] org.apache.catalina.startup.HostConfig.deployDirectory Deployment of web application directory [C:\Users\ABDULLA\Desktop\KLR_Project\Tomcat\webapps\manager] has finished in [23] ms
12-Mar-2023 17:41:14.381 INFO [main] org.apache.catalina.startup.HostConfig.deployDirectory Deploying web application directory [C:\Users\ABDULLA\Desktop\KLR_Project\Tomcat\webapps\ROOT]
12-Mar-2023 17:41:14.402 INFO [main] org.apache.catalina.startup.HostConfig.deployDirectory Deployment of web application directory [C:\Users\ABDULLA\Desktop\KLR_Project\Tomcat\webapps\ROOT] has finished in [22] ms
12-Mar-2023 17:41:14.407 INFO [main] org.apache.coyote.AbstractProtocol.start Starting ProtocolHandler ["http-nio-8080"]
12-Mar-2023 17:41:14.423 INFO [main] org.apache.catalina.startup.Catalina.start Server startup in [4279] milliseconds
12-Mar-2023 17:42:58.685 INFO [main] org.apache.catalina.core.StandardServer.await A valid shutdown command was received via the shutdown port. Stopping the Server instance.
12-Mar-2023 17:42:58.686 INFO [main] org.apache.coyote.AbstractProtocol.pause Pausing ProtocolHandler ["http-nio-8080"]
12-Mar-2023 17:42:58.887 INFO [main] org.apache.catalina.core.StandardService.stopInternal Stopping service [Catalina]
12-Mar-2023 17:42:58.925 WARNING [main] org.apache.catalina.loader.WebappClassLoaderBase.clearReferencesJdbc The web application [HRDashBoard] registered the JDBC driver [com.mysql.cj.jdbc.Driver] but failed to unregister it when the web application was stopped. To prevent a memory leak, the JDBC Driver has been forcibly unregistered.
12-Mar-2023 17:42:58.926 WARNING [main] org.apache.catalina.loader.WebappClassLoaderBase.clearReferencesThreads The web application [HRDashBoard] appears to have started a thread named [mysql-cj-abandoned-connection-cleanup] but has failed to stop it. This is very likely to create a memory leak. Stack trace of thread:
 java.lang.Object.wait(Native Method)
 java.lang.ref.ReferenceQueue.remove(ReferenceQueue.java:150)
 com.mysql.cj.jdbc.AbandonedConnectionCleanupThread.run(AbandonedConnectionCleanupThread.java:91)
 java.util.concurrent.ThreadPoolExecutor.runWorker(ThreadPoolExecutor.java:1149)
 java.util.concurrent.ThreadPoolExecutor$Worker.run(ThreadPoolExecutor.java:624)
 java.lang.Thread.run(Thread.java:750)
12-Mar-2023 17:42:58.943 INFO [main] org.apache.coyote.AbstractProtocol.stop Stopping ProtocolHandler ["http-nio-8080"]
12-Mar-2023 17:42:58.963 INFO [main] org.apache.coyote.AbstractProtocol.destroy Destroying ProtocolHandler ["http-nio-8080"]
12-Mar-2023 17:54:40.127 INFO [main] org.apache.catalina.startup.VersionLoggerListener.log Server version name:   Apache Tomcat/9.0.73
12-Mar-2023 17:54:40.129 INFO [main] org.apache.catalina.startup.VersionLoggerListener.log Server built:          Feb 27 2023 15:33:40 UTC
12-Mar-2023 17:54:40.131 INFO [main] org.apache.catalina.startup.VersionLoggerListener.log Server version number: 9.0.73.0
12-Mar-2023 17:54:40.131 INFO [main] org.apache.catalina.startup.VersionLoggerListener.log OS Name:               Windows 11
12-Mar-2023 17:54:40.131 INFO [main] org.apache.catalina.startup.VersionLoggerListener.log OS Version:            10.0
12-Mar-2023 17:54:40.131 INFO [main] org.apache.catalina.startup.VersionLoggerListener.log Architecture:          amd64
12-Mar-2023 17:54:40.131 INFO [main] org.apache.catalina.startup.VersionLoggerListener.log Java Home:             C:\Program Files\Java\jdk1.8.0_361\jre
12-Mar-2023 17:54:40.131 INFO [main] org.apache.catalina.startup.VersionLoggerListener.log JVM Version:           1.8.0_361-b09
12-Mar-2023 17:54:40.131 INFO [main] org.apache.catalina.startup.VersionLoggerListener.log JVM Vendor:            Oracle Corporation
12-Mar-2023 17:54:40.131 INFO [main] org.apache.catalina.startup.VersionLoggerListener.log CATALINA_BASE:         C:\Users\ABDULLA\Desktop\KLR_Project\Tomcat
12-Mar-2023 17:54:40.132 INFO [main] org.apache.catalina.startup.VersionLoggerListener.log CATALINA_HOME:         C:\Users\ABDULLA\Desktop\KLR_Project\Tomcat
12-Mar-2023 17:54:40.132 INFO [main] org.apache.catalina.startup.VersionLoggerListener.log Command line argument: -Djava.util.logging.config.file=C:\Users\ABDULLA\Desktop\KLR_Project\Tomcat\conf\logging.properties
12-Mar-2023 17:54:40.133 INFO [main] org.apache.catalina.startup.VersionLoggerListener.log Command line argument: -Djava.util.logging.manager=org.apache.juli.ClassLoaderLogManager
12-Mar-2023 17:54:40.133 INFO [main] org.apache.catalina.startup.VersionLoggerListener.log Command line argument: -Djdk.tls.ephemeralDHKeySize=2048
12-Mar-2023 17:54:40.133 INFO [main] org.apache.catalina.startup.VersionLoggerListener.log Command line argument: -Djava.protocol.handler.pkgs=org.apache.catalina.webresources
12-Mar-2023 17:54:40.133 INFO [main] org.apache.catalina.startup.VersionLoggerListener.log Command line argument: -Dignore.endorsed.dirs=
12-Mar-2023 17:54:40.134 INFO [main] org.apache.catalina.startup.VersionLoggerListener.log Command line argument: -Dcatalina.base=C:\Users\ABDULLA\Desktop\KLR_Project\Tomcat
12-Mar-2023 17:54:40.135 INFO [main] org.apache.catalina.startup.VersionLoggerListener.log Command line argument: -Dcatalina.home=C:\Users\ABDULLA\Desktop\KLR_Project\Tomcat
12-Mar-2023 17:54:40.135 INFO [main] org.apache.catalina.startup.VersionLoggerListener.log Command line argument: -Djava.io.tmpdir=C:\Users\ABDULLA\Desktop\KLR_Project\Tomcat\temp
12-Mar-2023 17:54:40.139 INFO [main] org.apache.catalina.core.AprLifecycleListener.lifecycleEvent Loaded Apache Tomcat Native library [1.2.36] using APR version [1.7.2].
12-Mar-2023 17:54:40.139 INFO [main] org.apache.catalina.core.AprLifecycleListener.lifecycleEvent APR capabilities: IPv6 [true], sendfile [true], accept filters [false], random [true], UDS [true].
12-Mar-2023 17:54:40.140 INFO [main] org.apache.catalina.core.AprLifecycleListener.lifecycleEvent APR/OpenSSL configuration: useAprConnector [false], useOpenSSL [true]
12-Mar-2023 17:54:40.145 INFO [main] org.apache.catalina.core.AprLifecycleListener.initializeSSL OpenSSL successfully initialized [OpenSSL 1.1.1t  7 Feb 2023]
12-Mar-2023 17:54:40.503 INFO [main] org.apache.coyote.AbstractProtocol.init Initializing ProtocolHandler ["http-nio-8080"]
12-Mar-2023 17:54:40.522 INFO [main] org.apache.catalina.startup.Catalina.load Server initialization in [555] milliseconds
12-Mar-2023 17:54:40.552 INFO [main] org.apache.catalina.core.StandardService.startInternal Starting service [Catalina]
12-Mar-2023 17:54:40.553 INFO [main] org.apache.catalina.core.StandardEngine.startInternal Starting Servlet engine: [Apache Tomcat/9.0.73]
12-Mar-2023 17:54:40.568 INFO [main] org.apache.catalina.startup.HostConfig.deployWAR Deploying web application archive [C:\Users\ABDULLA\Desktop\KLR_Project\Tomcat\webapps\HRDashBoard.war]
12-Mar-2023 17:54:42.728 INFO [main] org.apache.jasper.servlet.TldScanner.scanJars At least one JAR was scanned for TLDs yet contained no TLDs. Enable debug logging for this logger for a complete list of JARs that were scanned but no TLDs were found in them. Skipping unneeded JARs during scanning can improve startup time and JSP compilation time.
12-Mar-2023 17:54:42.973 WARNING [main] org.apache.catalina.util.SessionIdGeneratorBase.createSecureRandom Creation of SecureRandom instance for session ID generation using [SHA1PRNG] took [114] milliseconds.
12-Mar-2023 17:54:42.989 INFO [main] org.springframework.web.servlet.FrameworkServlet.initServletBean Initializing Servlet 'dispatcher'
12-Mar-2023 17:54:44.004 INFO [main] org.springframework.web.servlet.FrameworkServlet.initServletBean Completed initialization in 1015 ms
12-Mar-2023 17:54:44.016 INFO [main] org.apache.catalina.startup.HostConfig.deployWAR Deployment of web application archive [C:\Users\ABDULLA\Desktop\KLR_Project\Tomcat\webapps\HRDashBoard.war] has finished in [3,448] ms
12-Mar-2023 17:54:44.017 INFO [main] org.apache.catalina.startup.HostConfig.deployDirectory Deploying web application directory [C:\Users\ABDULLA\Desktop\KLR_Project\Tomcat\webapps\docs]
12-Mar-2023 17:54:44.043 INFO [main] org.apache.catalina.startup.HostConfig.deployDirectory Deployment of web application directory [C:\Users\ABDULLA\Desktop\KLR_Project\Tomcat\webapps\docs] has finished in [26] ms
12-Mar-2023 17:54:44.044 INFO [main] org.apache.catalina.startup.HostConfig.deployDirectory Deploying web application directory [C:\Users\ABDULLA\Desktop\KLR_Project\Tomcat\webapps\examples]
12-Mar-2023 17:54:44.285 INFO [main] org.apache.catalina.startup.HostConfig.deployDirectory Deployment of web application directory [C:\Users\ABDULLA\Desktop\KLR_Project\Tomcat\webapps\examples] has finished in [242] ms
12-Mar-2023 17:54:44.286 INFO [main] org.apache.catalina.startup.HostConfig.deployDirectory Deploying web application directory [C:\Users\ABDULLA\Desktop\KLR_Project\Tomcat\webapps\host-manager]
12-Mar-2023 17:54:44.314 INFO [main] org.apache.catalina.startup.HostConfig.deployDirectory Deployment of web application directory [C:\Users\ABDULLA\Desktop\KLR_Project\Tomcat\webapps\host-manager] has finished in [27] ms
12-Mar-2023 17:54:44.314 INFO [main] org.apache.catalina.startup.HostConfig.deployDirectory Deploying web application directory [C:\Users\ABDULLA\Desktop\KLR_Project\Tomcat\webapps\manager]
12-Mar-2023 17:54:44.337 INFO [main] org.apache.catalina.startup.HostConfig.deployDirectory Deployment of web application directory [C:\Users\ABDULLA\Desktop\KLR_Project\Tomcat\webapps\manager] has finished in [23] ms
12-Mar-2023 17:54:44.338 INFO [main] org.apache.catalina.startup.HostConfig.deployDirectory Deploying web application directory [C:\Users\ABDULLA\Desktop\KLR_Project\Tomcat\webapps\ROOT]
12-Mar-2023 17:54:44.358 INFO [main] org.apache.catalina.startup.HostConfig.deployDirectory Deployment of web application directory [C:\Users\ABDULLA\Desktop\KLR_Project\Tomcat\webapps\ROOT] has finished in [20] ms
12-Mar-2023 17:54:44.361 INFO [main] org.apache.coyote.AbstractProtocol.start Starting ProtocolHandler ["http-nio-8080"]
12-Mar-2023 17:54:44.374 INFO [main] org.apache.catalina.startup.Catalina.start Server startup in [3851] milliseconds
12-Mar-2023 23:49:29.163 INFO [main] org.apache.catalina.startup.VersionLoggerListener.log Server version name:   Apache Tomcat/9.0.73
12-Mar-2023 23:49:29.165 INFO [main] org.apache.catalina.startup.VersionLoggerListener.log Server built:          Feb 27 2023 15:33:40 UTC
12-Mar-2023 23:49:29.166 INFO [main] org.apache.catalina.startup.VersionLoggerListener.log Server version number: 9.0.73.0
12-Mar-2023 23:49:29.166 INFO [main] org.apache.catalina.startup.VersionLoggerListener.log OS Name:               Windows 11
12-Mar-2023 23:49:29.166 INFO [main] org.apache.catalina.startup.VersionLoggerListener.log OS Version:            10.0
12-Mar-2023 23:49:29.168 INFO [main] org.apache.catalina.startup.VersionLoggerListener.log Architecture:          amd64
12-Mar-2023 23:49:29.168 INFO [main] org.apache.catalina.startup.VersionLoggerListener.log Java Home:             C:\Program Files\Java\jdk1.8.0_361\jre
12-Mar-2023 23:49:29.168 INFO [main] org.apache.catalina.startup.VersionLoggerListener.log JVM Version:           1.8.0_361-b09
12-Mar-2023 23:49:29.168 INFO [main] org.apache.catalina.startup.VersionLoggerListener.log JVM Vendor:            Oracle Corporation
12-Mar-2023 23:49:29.168 INFO [main] org.apache.catalina.startup.VersionLoggerListener.log CATALINA_BASE:         C:\Users\ABDULLA\Desktop\KLR_Project\Tomcat
12-Mar-2023 23:49:29.169 INFO [main] org.apache.catalina.startup.VersionLoggerListener.log CATALINA_HOME:         C:\Users\ABDULLA\Desktop\KLR_Project\Tomcat
12-Mar-2023 23:49:29.169 INFO [main] org.apache.catalina.startup.VersionLoggerListener.log Command line argument: -Djava.util.logging.config.file=C:\Users\ABDULLA\Desktop\KLR_Project\Tomcat\conf\logging.properties
12-Mar-2023 23:49:29.169 INFO [main] org.apache.catalina.startup.VersionLoggerListener.log Command line argument: -Djava.util.logging.manager=org.apache.juli.ClassLoaderLogManager
12-Mar-2023 23:49:29.169 INFO [main] org.apache.catalina.startup.VersionLoggerListener.log Command line argument: -Djdk.tls.ephemeralDHKeySize=2048
12-Mar-2023 23:49:29.170 INFO [main] org.apache.catalina.startup.VersionLoggerListener.log Command line argument: -Djava.protocol.handler.pkgs=org.apache.catalina.webresources
12-Mar-2023 23:49:29.170 INFO [main] org.apache.catalina.startup.VersionLoggerListener.log Command line argument: -Dignore.endorsed.dirs=
12-Mar-2023 23:49:29.170 INFO [main] org.apache.catalina.startup.VersionLoggerListener.log Command line argument: -Dcatalina.base=C:\Users\ABDULLA\Desktop\KLR_Project\Tomcat
12-Mar-2023 23:49:29.170 INFO [main] org.apache.catalina.startup.VersionLoggerListener.log Command line argument: -Dcatalina.home=C:\Users\ABDULLA\Desktop\KLR_Project\Tomcat
12-Mar-2023 23:49:29.173 INFO [main] org.apache.catalina.startup.VersionLoggerListener.log Command line argument: -Djava.io.tmpdir=C:\Users\ABDULLA\Desktop\KLR_Project\Tomcat\temp
12-Mar-2023 23:49:29.181 INFO [main] org.apache.catalina.core.AprLifecycleListener.lifecycleEvent Loaded Apache Tomcat Native library [1.2.36] using APR version [1.7.2].
12-Mar-2023 23:49:29.181 INFO [main] org.apache.catalina.core.AprLifecycleListener.lifecycleEvent APR capabilities: IPv6 [true], sendfile [true], accept filters [false], random [true], UDS [true].
12-Mar-2023 23:49:29.182 INFO [main] org.apache.catalina.core.AprLifecycleListener.lifecycleEvent APR/OpenSSL configuration: useAprConnector [false], useOpenSSL [true]
12-Mar-2023 23:49:29.204 INFO [main] org.apache.catalina.core.AprLifecycleListener.initializeSSL OpenSSL successfully initialized [OpenSSL 1.1.1t  7 Feb 2023]
12-Mar-2023 23:49:29.546 INFO [main] org.apache.coyote.AbstractProtocol.init Initializing ProtocolHandler ["http-nio-8080"]
12-Mar-2023 23:49:29.568 INFO [main] org.apache.catalina.startup.Catalina.load Server initialization in [588] milliseconds
12-Mar-2023 23:49:29.597 INFO [main] org.apache.catalina.core.StandardService.startInternal Starting service [Catalina]
12-Mar-2023 23:49:29.598 INFO [main] org.apache.catalina.core.StandardEngine.startInternal Starting Servlet engine: [Apache Tomcat/9.0.73]
12-Mar-2023 23:49:29.618 INFO [main] org.apache.catalina.startup.HostConfig.deployWAR Deploying web application archive [C:\Users\ABDULLA\Desktop\KLR_Project\Tomcat\webapps\HRDashBoard.war]
12-Mar-2023 23:49:32.234 INFO [main] org.apache.jasper.servlet.TldScanner.scanJars At least one JAR was scanned for TLDs yet contained no TLDs. Enable debug logging for this logger for a complete list of JARs that were scanned but no TLDs were found in them. Skipping unneeded JARs during scanning can improve startup time and JSP compilation time.
12-Mar-2023 23:49:32.470 INFO [main] org.springframework.web.servlet.FrameworkServlet.initServletBean Initializing Servlet 'dispatcher'
12-Mar-2023 23:49:33.650 INFO [main] org.springframework.web.servlet.FrameworkServlet.initServletBean Completed initialization in 1180 ms
12-Mar-2023 23:49:33.675 INFO [main] org.apache.catalina.startup.HostConfig.deployWAR Deployment of web application archive [C:\Users\ABDULLA\Desktop\KLR_Project\Tomcat\webapps\HRDashBoard.war] has finished in [4,056] ms
12-Mar-2023 23:49:33.678 INFO [main] org.apache.catalina.startup.HostConfig.deployDirectory Deploying web application directory [C:\Users\ABDULLA\Desktop\KLR_Project\Tomcat\webapps\docs]
12-Mar-2023 23:49:33.716 INFO [main] org.apache.catalina.startup.HostConfig.deployDirectory Deployment of web application directory [C:\Users\ABDULLA\Desktop\KLR_Project\Tomcat\webapps\docs] has finished in [39] ms
12-Mar-2023 23:49:33.716 INFO [main] org.apache.catalina.startup.HostConfig.deployDirectory Deploying web application directory [C:\Users\ABDULLA\Desktop\KLR_Project\Tomcat\webapps\examples]
12-Mar-2023 23:49:34.061 INFO [main] org.apache.catalina.startup.HostConfig.deployDirectory Deployment of web application directory [C:\Users\ABDULLA\Desktop\KLR_Project\Tomcat\webapps\examples] has finished in [345] ms
12-Mar-2023 23:49:34.062 INFO [main] org.apache.catalina.startup.HostConfig.deployDirectory Deploying web application directory [C:\Users\ABDULLA\Desktop\KLR_Project\Tomcat\webapps\host-manager]
12-Mar-2023 23:49:34.092 INFO [main] org.apache.catalina.startup.HostConfig.deployDirectory Deployment of web application directory [C:\Users\ABDULLA\Desktop\KLR_Project\Tomcat\webapps\host-manager] has finished in [30] ms
12-Mar-2023 23:49:34.092 INFO [main] org.apache.catalina.startup.HostConfig.deployDirectory Deploying web application directory [C:\Users\ABDULLA\Desktop\KLR_Project\Tomcat\webapps\manager]
12-Mar-2023 23:49:34.119 INFO [main] org.apache.catalina.startup.HostConfig.deployDirectory Deployment of web application directory [C:\Users\ABDULLA\Desktop\KLR_Project\Tomcat\webapps\manager] has finished in [27] ms
12-Mar-2023 23:49:34.119 INFO [main] org.apache.catalina.startup.HostConfig.deployDirectory Deploying web application directory [C:\Users\ABDULLA\Desktop\KLR_Project\Tomcat\webapps\ROOT]
12-Mar-2023 23:49:34.140 INFO [main] org.apache.catalina.startup.HostConfig.deployDirectory Deployment of web application directory [C:\Users\ABDULLA\Desktop\KLR_Project\Tomcat\webapps\ROOT] has finished in [21] ms
12-Mar-2023 23:49:34.146 INFO [main] org.apache.coyote.AbstractProtocol.start Starting ProtocolHandler ["http-nio-8080"]
12-Mar-2023 23:49:34.168 INFO [main] org.apache.catalina.startup.Catalina.start Server startup in [4599] milliseconds
